[debug] [2021-06-29T03:50:04.099Z] ----------------------------------------------------------------------
[debug] [2021-06-29T03:50:04.101Z] Command:       /usr/local/bin/node /usr/local/bin/firebase emulators:start
[debug] [2021-06-29T03:50:04.102Z] CLI Version:   9.14.0
[debug] [2021-06-29T03:50:04.102Z] Platform:      linux
[debug] [2021-06-29T03:50:04.102Z] Node Version:  v15.4.0
[debug] [2021-06-29T03:50:04.103Z] Time:          Mon Jun 28 2021 22:50:04 GMT-0500 (Central Daylight Time)
[debug] [2021-06-29T03:50:04.103Z] ----------------------------------------------------------------------
[debug] 
[debug] [2021-06-29T03:50:04.151Z] > command requires scopes: ["email","openid","https://www.googleapis.com/auth/cloudplatformprojects.readonly","https://www.googleapis.com/auth/firebase","https://www.googleapis.com/auth/cloud-platform"]
[debug] [2021-06-29T03:50:04.151Z] > authorizing via signed-in user (devin.levine1@gmail.com)
[info] i  emulators: Starting emulators: auth, hosting {"metadata":{"emulator":{"name":"hub"},"message":"Starting emulators: auth, hosting"}}
[debug] [2021-06-29T03:50:04.182Z] [hub] writing locator at /tmp/hub-r6stats-6cca3.json
[debug] [2021-06-29T03:50:06.330Z] > refreshing access token with scopes: []
[debug] [2021-06-29T03:50:06.330Z] >>> HTTP REQUEST POST https://www.googleapis.com/oauth2/v3/token  
 <request body omitted>
[debug] [2021-06-29T03:50:06.501Z] <<< HTTP RESPONSE 200 {"cache-control":"no-cache, no-store, max-age=0, must-revalidate","expires":"Mon, 01 Jan 1990 00:00:00 GMT","pragma":"no-cache","date":"Tue, 29 Jun 2021 03:50:07 GMT","content-type":"application/json; charset=utf-8","vary":"X-Origin, Referer, Origin,Accept-Encoding","server":"scaffolding on HTTPServer2","x-xss-protection":"0","x-frame-options":"SAMEORIGIN","x-content-type-options":"nosniff","alt-svc":"h3=\":443\"; ma=2592000,h3-29=\":443\"; ma=2592000,h3-T051=\":443\"; ma=2592000,h3-Q050=\":443\"; ma=2592000,h3-Q046=\":443\"; ma=2592000,h3-Q043=\":443\"; ma=2592000,quic=\":443\"; ma=2592000; v=\"46,43\"","accept-ranges":"none","transfer-encoding":"chunked"}
[debug] [2021-06-29T03:50:06.534Z] >>> [apiv2][query] GET https://firebasehosting.googleapis.com/v1beta1/projects/r6stats-6cca3/sites 
[debug] [2021-06-29T03:50:06.840Z] <<< [apiv2][status] GET https://firebasehosting.googleapis.com/v1beta1/projects/r6stats-6cca3/sites 200
[debug] [2021-06-29T03:50:06.840Z] <<< [apiv2][body] GET https://firebasehosting.googleapis.com/v1beta1/projects/r6stats-6cca3/sites {"sites":[{"name":"projects/493627799132/sites/r6stats-6cca3","defaultUrl":"https://r6stats-6cca3.web.app","type":"DEFAULT_SITE"}]}
[debug] [2021-06-29T03:50:06.840Z] >>> [apiv2][query] GET https://firebase.googleapis.com/v1beta1/projects/r6stats-6cca3/webApps/-/config [none]
[debug] [2021-06-29T03:50:07.244Z] <<< [apiv2][status] GET https://firebase.googleapis.com/v1beta1/projects/r6stats-6cca3/webApps/-/config 200
[debug] [2021-06-29T03:50:07.244Z] <<< [apiv2][body] GET https://firebase.googleapis.com/v1beta1/projects/r6stats-6cca3/webApps/-/config {"projectId":"r6stats-6cca3","appId":"1:493627799132:web:e153b4be00382de82bd899","databaseURL":"https://r6stats-6cca3-default-rtdb.firebaseio.com","storageBucket":"r6stats-6cca3.appspot.com","apiKey":"AIzaSyBCjJ5Bul3K85JIMGF661X7tOzXbd53ohw","authDomain":"r6stats-6cca3.firebaseapp.com","messagingSenderId":"493627799132","measurementId":"G-5XYZ8GQK4M"}
[info] i  hosting: Serving hosting files from: build {"metadata":{"emulator":{"name":"hosting"},"message":"Serving hosting files from: \u001b[1mbuild\u001b[22m"}}
[info] ✔  hosting: Local server: http://127.0.0.1:5000 {"metadata":{"emulator":{"name":"hosting"},"message":"Local server: \u001b[4m\u001b[1mhttp://127.0.0.1:5000\u001b[22m\u001b[24m"}}
[debug] [2021-06-29T03:50:07.366Z] Ignoring unsupported arg: auto_download {"metadata":{"emulator":{"name":"ui"},"message":"Ignoring unsupported arg: auto_download"}}
[debug] [2021-06-29T03:50:07.366Z] Ignoring unsupported arg: port {"metadata":{"emulator":{"name":"ui"},"message":"Ignoring unsupported arg: port"}}
[debug] [2021-06-29T03:50:07.366Z] Starting Emulator UI with command {"binary":"node","args":["/root/.cache/firebase/emulators/ui-v1.5.0/server.bundle.js"],"optionalArgs":[],"joinArgs":false} {"metadata":{"emulator":{"name":"ui"},"message":"Starting Emulator UI with command {\"binary\":\"node\",\"args\":[\"/root/.cache/firebase/emulators/ui-v1.5.0/server.bundle.js\"],\"optionalArgs\":[],\"joinArgs\":false}"}}
[info] i  ui: Emulator UI logging to ui-debug.log {"metadata":{"emulator":{"name":"ui"},"message":"Emulator UI logging to \u001b[1mui-debug.log\u001b[22m"}}
[debug] [2021-06-29T03:50:07.574Z] Web / API server started at http://127.0.0.1:4000
 {"metadata":{"emulator":{"name":"ui"},"message":"Web / API server started at http://127.0.0.1:4000\n"}}
[info] 
┌─────────────────────────────────────────────────────────────┐
│ ✔  All emulators ready! It is now safe to connect your app. │
│ i  View Emulator UI at http://127.0.0.1:4000                │
└─────────────────────────────────────────────────────────────┘

┌────────────────┬────────────────┬────────────────────────────┐
│ Emulator       │ Host:Port      │ View in Emulator UI        │
├────────────────┼────────────────┼────────────────────────────┤
│ Authentication │ 127.0.0.1:9099 │ http://127.0.0.1:4000/auth │
├────────────────┼────────────────┼────────────────────────────┤
│ Hosting        │ 127.0.0.1:5000 │ n/a                        │
└────────────────┴────────────────┴────────────────────────────┘
  Emulator Hub running at 127.0.0.1:4400
  Other reserved ports: 4500

Issues? Report them at https://github.com/firebase/firebase-tools/issues and attach the *-debug.log files.
 
